array (
  'result' => '{"date_sent":"2018-05-15T07:30:06.000Z","message_id":"02b623fc-58bb-4b07-bade-4439a8c2864b","from_number":"17023318355","to_number":"17028313439","sms_thread_id":2348,"delivered":false,"delivery_info":null,"content":"Attn Drivers &amp; Promoters: $$$ Our girls are available 24/7 and waiting to entertain your clients with IN ROOM MASSAGE, ESCORTS &amp; STRIPPERS. We Pay YOU the highest referral fees $$$ in Las Vegas call our girls are waiting for you NOW !!! 24 hours. 702-331-8355 Eden 3355 S. highland suite 112"}',
  'info' => 
  array (
    'url' => 'https://api.apeiron.io/v2/sms/17023318355',
    'content_type' => 'application/json',
    'http_code' => 201,
    'header_size' => 662,
    'request_size' => 323,
    'filetime' => -1,
    'ssl_verify_result' => 0,
    'redirect_count' => 0,
    'total_time' => 7.4026420000000002,
    'namelookup_time' => 0.061058999999999974,
    'connect_time' => 0.062033000000000005,
    'pretransfer_time' => 0.10156200000000004,
    'size_upload' => 550.0,
    'size_download' => 518.0,
    'speed_download' => 69.0,
    'speed_upload' => 74.0,
    'download_content_length' => 518.0,
    'upload_content_length' => 550.0,
    'starttransfer_time' => 0.10285299999999997,
    'redirect_time' => 0.0,
    'redirect_url' => '',
    'primary_ip' => '104.18.58.130',
    'certinfo' => 
    array (
    ),
    'primary_port' => 443,
    'local_ip' => '138.68.26.157',
    'local_port' => 35348,
  ),
  'http_code' => 201,
)array (
  'result' => '{"date_sent":"2018-05-15T07:30:13.000Z","message_id":"dac9cf11-84c2-46d2-ace1-beb857743460","from_number":"17023318355","to_number":"19098443026","sms_thread_id":2351,"delivered":false,"delivery_info":null,"content":"Attn Drivers &amp; Promoters: $$$ Our girls are available 24/7 and waiting to entertain your clients with IN ROOM MASSAGE, ESCORTS &amp; STRIPPERS. We Pay YOU the highest referral fees $$$ in Las Vegas call our girls are waiting for you NOW !!! 24 hours. 702-331-8355 Eden 3355 S. highland suite 112"}',
  'info' => 
  array (
    'url' => 'https://api.apeiron.io/v2/sms/17023318355',
    'content_type' => 'application/json',
    'http_code' => 201,
    'header_size' => 662,
    'request_size' => 323,
    'filetime' => -1,
    'ssl_verify_result' => 0,
    'redirect_count' => 0,
    'total_time' => 7.1939380000000002,
    'namelookup_time' => 2.3E-5,
    'connect_time' => 0.00096500000000000004,
    'pretransfer_time' => 0.017953,
    'size_upload' => 550.0,
    'size_download' => 518.0,
    'speed_download' => 72.0,
    'speed_upload' => 76.0,
    'download_content_length' => 518.0,
    'upload_content_length' => 550.0,
    'starttransfer_time' => 0.01908,
    'redirect_time' => 0.0,
    'redirect_url' => '',
    'primary_ip' => '104.18.58.130',
    'certinfo' => 
    array (
    ),
    'primary_port' => 443,
    'local_ip' => '138.68.26.157',
    'local_port' => 35370,
  ),
  'http_code' => 201,
)array (
  'result' => '{"date_sent":"2018-05-15T07:30:20.000Z","message_id":"c14bf315-5904-42c0-978c-74a0ccf8a4ce","from_number":"17023318355","to_number":"17027129499","sms_thread_id":2208,"delivered":false,"delivery_info":null,"content":"Attn Drivers &amp; Promoters: $$$ Our girls are available 24/7 and waiting to entertain your clients with IN ROOM MASSAGE, ESCORTS &amp; STRIPPERS. We Pay YOU the highest referral fees $$$ in Las Vegas call our girls are waiting for you NOW !!! 24 hours. 702-331-8355 Eden 3355 S. highland suite 112"}',
  'info' => 
  array (
    'url' => 'https://api.apeiron.io/v2/sms/17023318355',
    'content_type' => 'application/json',
    'http_code' => 201,
    'header_size' => 662,
    'request_size' => 323,
    'filetime' => -1,
    'ssl_verify_result' => 0,
    'redirect_count' => 0,
    'total_time' => 7.3258489999999998,
    'namelookup_time' => 2.3E-5,
    'connect_time' => 0.0020349999999999999,
    'pretransfer_time' => 0.018581,
    'size_upload' => 550.0,
    'size_download' => 518.0,
    'speed_download' => 70.0,
    'speed_upload' => 75.0,
    'download_content_length' => 518.0,
    'upload_content_length' => 550.0,
    'starttransfer_time' => 0.020799999999999999,
    'redirect_time' => 0.0,
    'redirect_url' => '',
    'primary_ip' => '104.18.58.130',
    'certinfo' => 
    array (
    ),
    'primary_port' => 443,
    'local_ip' => '138.68.26.157',
    'local_port' => 35388,
  ),
  'http_code' => 201,
)array (
  'result' => '{"date_sent":"2018-05-15T07:30:27.000Z","message_id":"f18730e5-21fb-4e43-a622-e48500d0e826","from_number":"17023318355","to_number":"17027277420","sms_thread_id":2210,"delivered":false,"delivery_info":null,"content":"Attn Drivers &amp; Promoters: $$$ Our girls are available 24/7 and waiting to entertain your clients with IN ROOM MASSAGE, ESCORTS &amp; STRIPPERS. We Pay YOU the highest referral fees $$$ in Las Vegas call our girls are waiting for you NOW !!! 24 hours. 702-331-8355 Eden 3355 S. highland suite 112"}',
  'info' => 
  array (
    'url' => 'https://api.apeiron.io/v2/sms/17023318355',
    'content_type' => 'application/json',
    'http_code' => 201,
    'header_size' => 662,
    'request_size' => 323,
    'filetime' => -1,
    'ssl_verify_result' => 0,
    'redirect_count' => 0,
    'total_time' => 7.1686860000000001,
    'namelookup_time' => 2.4000000000000001E-5,
    'connect_time' => 0.0020270000000000002,
    'pretransfer_time' => 0.026117999999999999,
    'size_upload' => 550.0,
    'size_download' => 518.0,
    'speed_download' => 72.0,
    'speed_upload' => 76.0,
    'download_content_length' => 518.0,
    'upload_content_length' => 550.0,
    'starttransfer_time' => 0.029021000000000002,
    'redirect_time' => 0.0,
    'redirect_url' => '',
    'primary_ip' => '104.18.58.130',
    'certinfo' => 
    array (
    ),
    'primary_port' => 443,
    'local_ip' => '138.68.26.157',
    'local_port' => 35406,
  ),
  'http_code' => 201,
)array (
  'result' => '{"date_sent":"2018-05-15T07:30:34.000Z","message_id":"d9f05dd8-26d1-465c-aa45-f942e7351b43","from_number":"17023318355","to_number":"17024722272","sms_thread_id":2211,"delivered":false,"delivery_info":null,"content":"Attn Drivers &amp; Promoters: $$$ Our girls are available 24/7 and waiting to entertain your clients with IN ROOM MASSAGE, ESCORTS &amp; STRIPPERS. We Pay YOU the highest referral fees $$$ in Las Vegas call our girls are waiting for you NOW !!! 24 hours. 702-331-8355 Eden 3355 S. highland suite 112"}',
  'info' => 
  array (
    'url' => 'https://api.apeiron.io/v2/sms/17023318355',
    'content_type' => 'application/json',
    'http_code' => 201,
    'header_size' => 662,
    'request_size' => 323,
    'filetime' => -1,
    'ssl_verify_result' => 0,
    'redirect_count' => 0,
    'total_time' => 7.1739170000000003,
    'namelookup_time' => 3.0000000000000001E-5,
    'connect_time' => 0.0020569999999999998,
    'pretransfer_time' => 0.026447999999999999,
    'size_upload' => 550.0,
    'size_download' => 518.0,
    'speed_download' => 72.0,
    'speed_upload' => 76.0,
    'download_content_length' => 518.0,
    'upload_content_length' => 550.0,
    'starttransfer_time' => 0.028565,
    'redirect_time' => 0.0,
    'redirect_url' => '',
    'primary_ip' => '104.18.58.130',
    'certinfo' => 
    array (
    ),
    'primary_port' => 443,
    'local_ip' => '138.68.26.157',
    'local_port' => 35426,
  ),
  'http_code' => 201,
)array (
  'result' => '{"date_sent":"2018-05-15T07:30:42.000Z","message_id":"78ebf8f7-c8d1-4a08-8887-1ce6f5498689","from_number":"17023318355","to_number":"17026832035","sms_thread_id":2212,"delivered":true,"delivery_info":{"status":"DELIVRD","level":2,"submit_date":"2018-05-15T03:30:00.000Z","done_date":"2018-05-15T03:30:00.000Z","messages_submitted":1,"messages_delivered":1},"content":"Attn Drivers &amp; Promoters: $$$ Our girls are available 24/7 and waiting to entertain your clients with IN ROOM MASSAGE, ESCORTS &amp; STRIPPERS. We Pay YOU the highest referral fees $$$ in Las Vegas call our girls are waiting for you NOW !!! 24 hours. 702-331-8355 Eden 3355 S. highland suite 112"}',
  'info' => 
  array (
    'url' => 'https://api.apeiron.io/v2/sms/17023318355',
    'content_type' => 'application/json',
    'http_code' => 201,
    'header_size' => 662,
    'request_size' => 323,
    'filetime' => -1,
    'ssl_verify_result' => 0,
    'redirect_count' => 0,
    'total_time' => 7.3239710000000002,
    'namelookup_time' => 3.1000000000000001E-5,
    'connect_time' => 0.0020309999999999998,
    'pretransfer_time' => 0.019005000000000001,
    'size_upload' => 550.0,
    'size_download' => 669.0,
    'speed_download' => 91.0,
    'speed_upload' => 75.0,
    'download_content_length' => 669.0,
    'upload_content_length' => 550.0,
    'starttransfer_time' => 0.021288999999999999,
    'redirect_time' => 0.0,
    'redirect_url' => '',
    'primary_ip' => '104.18.58.130',
    'certinfo' => 
    array (
    ),
    'primary_port' => 443,
    'local_ip' => '138.68.26.157',
    'local_port' => 35446,
  ),
  'http_code' => 201,
)array (
  'result' => '{"date_sent":"2018-05-15T07:30:49.000Z","message_id":"7b50e596-89ed-4290-bb89-3f383375f73d","from_number":"17023318355","to_number":"12194557672","sms_thread_id":2494,"delivered":false,"delivery_info":null,"content":"Attn Drivers &amp; Promoters: $$$ Our girls are available 24/7 and waiting to entertain your clients with IN ROOM MASSAGE, ESCORTS &amp; STRIPPERS. We Pay YOU the highest referral fees $$$ in Las Vegas call our girls are waiting for you NOW !!! 24 hours. 702-331-8355 Eden 3355 S. highland suite 112"}',
  'info' => 
  array (
    'url' => 'https://api.apeiron.io/v2/sms/17023318355',
    'content_type' => 'application/json',
    'http_code' => 201,
    'header_size' => 662,
    'request_size' => 323,
    'filetime' => -1,
    'ssl_verify_result' => 0,
    'redirect_count' => 0,
    'total_time' => 7.1634000000000002,
    'namelookup_time' => 2.3E-5,
    'connect_time' => 0.001021,
    'pretransfer_time' => 0.014929,
    'size_upload' => 550.0,
    'size_download' => 518.0,
    'speed_download' => 72.0,
    'speed_upload' => 76.0,
    'download_content_length' => 518.0,
    'upload_content_length' => 550.0,
    'starttransfer_time' => 0.016070999999999998,
    'redirect_time' => 0.0,
    'redirect_url' => '',
    'primary_ip' => '104.18.58.130',
    'certinfo' => 
    array (
    ),
    'primary_port' => 443,
    'local_ip' => '138.68.26.157',
    'local_port' => 35478,
  ),
  'http_code' => 201,
)array (
  'result' => '{"date_sent":"2018-05-15T07:30:56.000Z","message_id":"b3c61977-5141-4a1d-bc3a-52cfad166572","from_number":"17023318355","to_number":"12062345895","sms_thread_id":2496,"delivered":false,"delivery_info":null,"content":"Attn Drivers &amp; Promoters: $$$ Our girls are available 24/7 and waiting to entertain your clients with IN ROOM MASSAGE, ESCORTS &amp; STRIPPERS. We Pay YOU the highest referral fees $$$ in Las Vegas call our girls are waiting for you NOW !!! 24 hours. 702-331-8355 Eden 3355 S. highland suite 112"}',
  'info' => 
  array (
    'url' => 'https://api.apeiron.io/v2/sms/17023318355',
    'content_type' => 'application/json',
    'http_code' => 201,
    'header_size' => 662,
    'request_size' => 323,
    'filetime' => -1,
    'ssl_verify_result' => 0,
    'redirect_count' => 0,
    'total_time' => 7.1680400000000004,
    'namelookup_time' => 2.8E-5,
    'connect_time' => 0.00097499999999999996,
    'pretransfer_time' => 0.022756999999999999,
    'size_upload' => 550.0,
    'size_download' => 518.0,
    'speed_download' => 72.0,
    'speed_upload' => 76.0,
    'download_content_length' => 518.0,
    'upload_content_length' => 550.0,
    'starttransfer_time' => 0.023921999999999999,
    'redirect_time' => 0.0,
    'redirect_url' => '',
    'primary_ip' => '104.18.58.130',
    'certinfo' => 
    array (
    ),
    'primary_port' => 443,
    'local_ip' => '138.68.26.157',
    'local_port' => 35498,
  ),
  'http_code' => 201,
)array (
  'result' => '{"date_sent":"2018-05-15T07:31:03.000Z","message_id":"239335c5-7b8a-448b-9976-f24785013135","from_number":"17023318355","to_number":"12092142865","sms_thread_id":3634,"delivered":false,"delivery_info":null,"content":"Attn Drivers &amp; Promoters: $$$ Our girls are available 24/7 and waiting to entertain your clients with IN ROOM MASSAGE, ESCORTS &amp; STRIPPERS. We Pay YOU the highest referral fees $$$ in Las Vegas call our girls are waiting for you NOW !!! 24 hours. 702-331-8355 Eden 3355 S. highland suite 112"}',
  'info' => 
  array (
    'url' => 'https://api.apeiron.io/v2/sms/17023318355',
    'content_type' => 'application/json',
    'http_code' => 201,
    'header_size' => 662,
    'request_size' => 323,
    'filetime' => -1,
    'ssl_verify_result' => 0,
    'redirect_count' => 0,
    'total_time' => 7.2919070000000001,
    'namelookup_time' => 2.0000000000000002E-5,
    'connect_time' => 0.002,
    'pretransfer_time' => 0.018707000000000001,
    'size_upload' => 550.0,
    'size_download' => 518.0,
    'speed_download' => 71.0,
    'speed_upload' => 75.0,
    'download_content_length' => 518.0,
    'upload_content_length' => 550.0,
    'starttransfer_time' => 0.021226999999999999,
    'redirect_time' => 0.0,
    'redirect_url' => '',
    'primary_ip' => '104.18.58.130',
    'certinfo' => 
    array (
    ),
    'primary_port' => 443,
    'local_ip' => '138.68.26.157',
    'local_port' => 35514,
  ),
  'http_code' => 201,
)array (
  'result' => '{"date_sent":"2018-05-15T07:31:11.000Z","message_id":"809f2b06-dc7d-41ef-9f28-62d2be3d20a0","from_number":"17023318355","to_number":"12092618679","sms_thread_id":2498,"delivered":false,"delivery_info":null,"content":"Attn Drivers &amp; Promoters: $$$ Our girls are available 24/7 and waiting to entertain your clients with IN ROOM MASSAGE, ESCORTS &amp; STRIPPERS. We Pay YOU the highest referral fees $$$ in Las Vegas call our girls are waiting for you NOW !!! 24 hours. 702-331-8355 Eden 3355 S. highland suite 112"}',
  'info' => 
  array (
    'url' => 'https://api.apeiron.io/v2/sms/17023318355',
    'content_type' => 'application/json',
    'http_code' => 201,
    'header_size' => 662,
    'request_size' => 323,
    'filetime' => -1,
    'ssl_verify_result' => 0,
    'redirect_count' => 0,
    'total_time' => 7.1851479999999999,
    'namelookup_time' => 2.9E-5,
    'connect_time' => 0.002081,
    'pretransfer_time' => 0.025555999999999999,
    'size_upload' => 550.0,
    'size_download' => 518.0,
    'speed_download' => 72.0,
    'speed_upload' => 76.0,
    'download_content_length' => 518.0,
    'upload_content_length' => 550.0,
    'starttransfer_time' => 0.029512,
    'redirect_time' => 0.0,
    'redirect_url' => '',
    'primary_ip' => '104.18.58.130',
    'certinfo' => 
    array (
    ),
    'primary_port' => 443,
    'local_ip' => '138.68.26.157',
    'local_port' => 35536,
  ),
  'http_code' => 201,
)array (
  'result' => '{"date_sent":"2018-05-15T07:31:19.000Z","message_id":"38677944-1eeb-4e71-be83-7e4b530cfd96","from_number":"17023318355","to_number":"12139485750","sms_thread_id":2500,"delivered":false,"delivery_info":null,"content":"Attn Drivers &amp; Promoters: $$$ Our girls are available 24/7 and waiting to entertain your clients with IN ROOM MASSAGE, ESCORTS &amp; STRIPPERS. We Pay YOU the highest referral fees $$$ in Las Vegas call our girls are waiting for you NOW !!! 24 hours. 702-331-8355 Eden 3355 S. highland suite 112"}',
  'info' => 
  array (
    'url' => 'https://api.apeiron.io/v2/sms/17023318355',
    'content_type' => 'application/json',
    'http_code' => 201,
    'header_size' => 662,
    'request_size' => 323,
    'filetime' => -1,
    'ssl_verify_result' => 0,
    'redirect_count' => 0,
    'total_time' => 8.2938949999999991,
    'namelookup_time' => 2.9E-5,
    'connect_time' => 0.00094600000000000001,
    'pretransfer_time' => 0.022204999999999999,
    'size_upload' => 550.0,
    'size_download' => 518.0,
    'speed_download' => 62.0,
    'speed_upload' => 66.0,
    'download_content_length' => 518.0,
    'upload_content_length' => 550.0,
    'starttransfer_time' => 0.023598000000000001,
    'redirect_time' => 0.0,
    'redirect_url' => '',
    'primary_ip' => '104.18.58.130',
    'certinfo' => 
    array (
    ),
    'primary_port' => 443,
    'local_ip' => '138.68.26.157',
    'local_port' => 35552,
  ),
  'http_code' => 201,
)array (
  'result' => '{"date_sent":"2018-05-15T07:31:26.000Z","message_id":"0adc34c1-4f65-436d-9e80-598dc3adf114","from_number":"17023318355","to_number":"15053607297","sms_thread_id":3636,"delivered":false,"delivery_info":null,"content":"Attn Drivers &amp; Promoters: $$$ Our girls are available 24/7 and waiting to entertain your clients with IN ROOM MASSAGE, ESCORTS &amp; STRIPPERS. We Pay YOU the highest referral fees $$$ in Las Vegas call our girls are waiting for you NOW !!! 24 hours. 702-331-8355 Eden 3355 S. highland suite 112"}',
  'info' => 
  array (
    'url' => 'https://api.apeiron.io/v2/sms/17023318355',
    'content_type' => 'application/json',
    'http_code' => 201,
    'header_size' => 662,
    'request_size' => 323,
    'filetime' => -1,
    'ssl_verify_result' => 0,
    'redirect_count' => 0,
    'total_time' => 7.3201890000000001,
    'namelookup_time' => 2.5999999999999998E-5,
    'connect_time' => 0.0019499999999999999,
    'pretransfer_time' => 0.023484999999999999,
    'size_upload' => 550.0,
    'size_download' => 518.0,
    'speed_download' => 70.0,
    'speed_upload' => 75.0,
    'download_content_length' => 518.0,
    'upload_content_length' => 550.0,
    'starttransfer_time' => 0.02623,
    'redirect_time' => 0.0,
    'redirect_url' => '',
    'primary_ip' => '104.18.58.130',
    'certinfo' => 
    array (
    ),
    'primary_port' => 443,
    'local_ip' => '138.68.26.157',
    'local_port' => 35574,
  ),
  'http_code' => 201,
)array (
  'result' => '{"date_sent":"2018-05-15T07:31:33.000Z","message_id":"33bf4ec4-8b4e-49ac-a18e-4bd265d5606a","from_number":"17023318355","to_number":"15059085791","sms_thread_id":2499,"delivered":false,"delivery_info":null,"content":"Attn Drivers &amp; Promoters: $$$ Our girls are available 24/7 and waiting to entertain your clients with IN ROOM MASSAGE, ESCORTS &amp; STRIPPERS. We Pay YOU the highest referral fees $$$ in Las Vegas call our girls are waiting for you NOW !!! 24 hours. 702-331-8355 Eden 3355 S. highland suite 112"}',
  'info' => 
  array (
    'url' => 'https://api.apeiron.io/v2/sms/17023318355',
    'content_type' => 'application/json',
    'http_code' => 201,
    'header_size' => 662,
    'request_size' => 323,
    'filetime' => -1,
    'ssl_verify_result' => 0,
    'redirect_count' => 0,
    'total_time' => 7.2930340000000005,
    'namelookup_time' => 2.0999999999999999E-5,
    'connect_time' => 0.0009859999999999999,
    'pretransfer_time' => 0.014874,
    'size_upload' => 550.0,
    'size_download' => 518.0,
    'speed_download' => 71.0,
    'speed_upload' => 75.0,
    'download_content_length' => 518.0,
    'upload_content_length' => 550.0,
    'starttransfer_time' => 0.016227999999999999,
    'redirect_time' => 0.0,
    'redirect_url' => '',
    'primary_ip' => '104.18.58.130',
    'certinfo' => 
    array (
    ),
    'primary_port' => 443,
    'local_ip' => '138.68.26.157',
    'local_port' => 35592,
  ),
  'http_code' => 201,
)array (
  'result' => '{"date_sent":"2018-05-15T07:31:41.000Z","message_id":"d069d6f8-6223-496c-8b1e-692d51e29a76","from_number":"17023318355","to_number":"15163052094","sms_thread_id":2501,"delivered":false,"delivery_info":null,"content":"Attn Drivers &amp; Promoters: $$$ Our girls are available 24/7 and waiting to entertain your clients with IN ROOM MASSAGE, ESCORTS &amp; STRIPPERS. We Pay YOU the highest referral fees $$$ in Las Vegas call our girls are waiting for you NOW !!! 24 hours. 702-331-8355 Eden 3355 S. highland suite 112"}',
  'info' => 
  array (
    'url' => 'https://api.apeiron.io/v2/sms/17023318355',
    'content_type' => 'application/json',
    'http_code' => 201,
    'header_size' => 662,
    'request_size' => 323,
    'filetime' => -1,
    'ssl_verify_result' => 0,
    'redirect_count' => 0,
    'total_time' => 7.3049330000000001,
    'namelookup_time' => 2.0999999999999999E-5,
    'connect_time' => 0.0020920000000000001,
    'pretransfer_time' => 0.017253000000000001,
    'size_upload' => 550.0,
    'size_download' => 518.0,
    'speed_download' => 70.0,
    'speed_upload' => 75.0,
    'download_content_length' => 518.0,
    'upload_content_length' => 550.0,
    'starttransfer_time' => 0.019585000000000002,
    'redirect_time' => 0.0,
    'redirect_url' => '',
    'primary_ip' => '104.18.58.130',
    'certinfo' => 
    array (
    ),
    'primary_port' => 443,
    'local_ip' => '138.68.26.157',
    'local_port' => 35612,
  ),
  'http_code' => 201,
)array (
  'result' => '{"date_sent":"2018-05-15T07:31:48.000Z","message_id":"8a067286-8529-4e8f-ab38-cc089fa1c822","from_number":"17023318355","to_number":"15303540888","sms_thread_id":2503,"delivered":true,"delivery_info":{"status":"DELIVRD","level":2,"submit_date":"2018-05-15T03:31:00.000Z","done_date":"2018-05-15T03:31:00.000Z","messages_submitted":1,"messages_delivered":1},"content":"Attn Drivers &amp; Promoters: $$$ Our girls are available 24/7 and waiting to entertain your clients with IN ROOM MASSAGE, ESCORTS &amp; STRIPPERS. We Pay YOU the highest referral fees $$$ in Las Vegas call our girls are waiting for you NOW !!! 24 hours. 702-331-8355 Eden 3355 S. highland suite 112"}',
  'info' => 
  array (
    'url' => 'https://api.apeiron.io/v2/sms/17023318355',
    'content_type' => 'application/json',
    'http_code' => 201,
    'header_size' => 662,
    'request_size' => 323,
    'filetime' => -1,
    'ssl_verify_result' => 0,
    'redirect_count' => 0,
    'total_time' => 7.316211,
    'namelookup_time' => 2.0999999999999999E-5,
    'connect_time' => 0.002294,
    'pretransfer_time' => 0.020242,
    'size_upload' => 550.0,
    'size_download' => 669.0,
    'speed_download' => 91.0,
    'speed_upload' => 75.0,
    'download_content_length' => 669.0,
    'upload_content_length' => 550.0,
    'starttransfer_time' => 0.027490000000000001,
    'redirect_time' => 0.0,
    'redirect_url' => '',
    'primary_ip' => '104.18.58.130',
    'certinfo' => 
    array (
    ),
    'primary_port' => 443,
    'local_ip' => '138.68.26.157',
    'local_port' => 35630,
  ),
  'http_code' => 201,
)array (
  'result' => '{"date_sent":"2018-05-15T07:31:55.000Z","message_id":"3ea40bff-ca0d-43ca-a83f-a849b3cd0de9","from_number":"17023318355","to_number":"15418916925","sms_thread_id":1979,"delivered":false,"delivery_info":null,"content":"Attn Drivers &amp; Promoters: $$$ Our girls are available 24/7 and waiting to entertain your clients with IN ROOM MASSAGE, ESCORTS &amp; STRIPPERS. We Pay YOU the highest referral fees $$$ in Las Vegas call our girls are waiting for you NOW !!! 24 hours. 702-331-8355 Eden 3355 S. highland suite 112"}',
  'info' => 
  array (
    'url' => 'https://api.apeiron.io/v2/sms/17023318355',
    'content_type' => 'application/json',
    'http_code' => 201,
    'header_size' => 662,
    'request_size' => 323,
    'filetime' => -1,
    'ssl_verify_result' => 0,
    'redirect_count' => 0,
    'total_time' => 7.2970439999999996,
    'namelookup_time' => 2.0000000000000002E-5,
    'connect_time' => 0.001062,
    'pretransfer_time' => 0.017796999999999952,
    'size_upload' => 550.0,
    'size_download' => 518.0,
    'speed_download' => 70.0,
    'speed_upload' => 75.0,
    'download_content_length' => 518.0,
    'upload_content_length' => 550.0,
    'starttransfer_time' => 0.01896500000000001,
    'redirect_time' => 0.0,
    'redirect_url' => '',
    'primary_ip' => '104.18.58.130',
    'certinfo' => 
    array (
    ),
    'primary_port' => 443,
    'local_ip' => '138.68.26.157',
    'local_port' => 35652,
  ),
  'http_code' => 201,
)array (
  'result' => '{"date_sent":"2018-05-15T07:32:03.000Z","message_id":"0f9af02f-720e-4655-8b85-655332901478","from_number":"17023318355","to_number":"17022414054","sms_thread_id":2522,"delivered":false,"delivery_info":null,"content":"Attn Drivers &amp; Promoters: $$$ Our girls are available 24/7 and waiting to entertain your clients with IN ROOM MASSAGE, ESCORTS &amp; STRIPPERS. We Pay YOU the highest referral fees $$$ in Las Vegas call our girls are waiting for you NOW !!! 24 hours. 702-331-8355 Eden 3355 S. highland suite 112"}',
  'info' => 
  array (
    'url' => 'https://api.apeiron.io/v2/sms/17023318355',
    'content_type' => 'application/json',
    'http_code' => 201,
    'header_size' => 662,
    'request_size' => 323,
    'filetime' => -1,
    'ssl_verify_result' => 0,
    'redirect_count' => 0,
    'total_time' => 7.1608700000000001,
    'namelookup_time' => 2.3E-5,
    'connect_time' => 0.0019499999999999999,
    'pretransfer_time' => 0.020598999999999999,
    'size_upload' => 550.0,
    'size_download' => 518.0,
    'speed_download' => 72.0,
    'speed_upload' => 76.0,
    'download_content_length' => 518.0,
    'upload_content_length' => 550.0,
    'starttransfer_time' => 0.022925999999999998,
    'redirect_time' => 0.0,
    'redirect_url' => '',
    'primary_ip' => '104.18.58.130',
    'certinfo' => 
    array (
    ),
    'primary_port' => 443,
    'local_ip' => '138.68.26.157',
    'local_port' => 35672,
  ),
  'http_code' => 201,
)array (
  'result' => '{"date_sent":"2018-05-15T07:32:10.000Z","message_id":"58bfd942-66ef-4bc9-b8d0-4a38a84664a1","from_number":"17023318355","to_number":"17022416465","sms_thread_id":2525,"delivered":false,"delivery_info":null,"content":"Attn Drivers &amp; Promoters: $$$ Our girls are available 24/7 and waiting to entertain your clients with IN ROOM MASSAGE, ESCORTS &amp; STRIPPERS. We Pay YOU the highest referral fees $$$ in Las Vegas call our girls are waiting for you NOW !!! 24 hours. 702-331-8355 Eden 3355 S. highland suite 112"}',
  'info' => 
  array (
    'url' => 'https://api.apeiron.io/v2/sms/17023318355',
    'content_type' => 'application/json',
    'http_code' => 201,
    'header_size' => 662,
    'request_size' => 323,
    'filetime' => -1,
    'ssl_verify_result' => 0,
    'redirect_count' => 0,
    'total_time' => 7.3280240000000001,
    'namelookup_time' => 0.028362999999999999,
    'connect_time' => 0.029479000000000002,
    'pretransfer_time' => 0.043428000000000001,
    'size_upload' => 550.0,
    'size_download' => 518.0,
    'speed_download' => 70.0,
    'speed_upload' => 75.0,
    'download_content_length' => 518.0,
    'upload_content_length' => 550.0,
    'starttransfer_time' => 0.044693999999999998,
    'redirect_time' => 0.0,
    'redirect_url' => '',
    'primary_ip' => '104.18.58.130',
    'certinfo' => 
    array (
    ),
    'primary_port' => 443,
    'local_ip' => '138.68.26.157',
    'local_port' => 35690,
  ),
  'http_code' => 201,
)array (
  'result' => '{"date_sent":"2018-05-15T07:32:17.000Z","message_id":"a62b91f5-ed25-44e6-9810-58eb70dd4db9","from_number":"17023318355","to_number":"17022418019","sms_thread_id":2528,"delivered":false,"delivery_info":null,"content":"Attn Drivers &amp; Promoters: $$$ Our girls are available 24/7 and waiting to entertain your clients with IN ROOM MASSAGE, ESCORTS &amp; STRIPPERS. We Pay YOU the highest referral fees $$$ in Las Vegas call our girls are waiting for you NOW !!! 24 hours. 702-331-8355 Eden 3355 S. highland suite 112"}',
  'info' => 
  array (
    'url' => 'https://api.apeiron.io/v2/sms/17023318355',
    'content_type' => 'application/json',
    'http_code' => 201,
    'header_size' => 662,
    'request_size' => 323,
    'filetime' => -1,
    'ssl_verify_result' => 0,
    'redirect_count' => 0,
    'total_time' => 7.3115050000000004,
    'namelookup_time' => 2.1999999999999999E-5,
    'connect_time' => 0.002088,
    'pretransfer_time' => 0.017867000000000001,
    'size_upload' => 550.0,
    'size_download' => 518.0,
    'speed_download' => 70.0,
    'speed_upload' => 75.0,
    'download_content_length' => 518.0,
    'upload_content_length' => 550.0,
    'starttransfer_time' => 0.020021000000000001,
    'redirect_time' => 0.0,
    'redirect_url' => '',
    'primary_ip' => '104.18.58.130',
    'certinfo' => 
    array (
    ),
    'primary_port' => 443,
    'local_ip' => '138.68.26.157',
    'local_port' => 35710,
  ),
  'http_code' => 201,
)array (
  'result' => '{"date_sent":"2018-05-15T07:32:24.000Z","message_id":"6e130919-a4f9-4dca-9651-47e266c4d7dd","from_number":"17023318355","to_number":"17022452825","sms_thread_id":3637,"delivered":false,"delivery_info":null,"content":"Attn Drivers &amp; Promoters: $$$ Our girls are available 24/7 and waiting to entertain your clients with IN ROOM MASSAGE, ESCORTS &amp; STRIPPERS. We Pay YOU the highest referral fees $$$ in Las Vegas call our girls are waiting for you NOW !!! 24 hours. 702-331-8355 Eden 3355 S. highland suite 112"}',
  'info' => 
  array (
    'url' => 'https://api.apeiron.io/v2/sms/17023318355',
    'content_type' => 'application/json',
    'http_code' => 201,
    'header_size' => 662,
    'request_size' => 323,
    'filetime' => -1,
    'ssl_verify_result' => 0,
    'redirect_count' => 0,
    'total_time' => 7.1612049999999998,
    'namelookup_time' => 2.1999999999999999E-5,
    'connect_time' => 0.001088,
    'pretransfer_time' => 0.022901000000000001,
    'size_upload' => 550.0,
    'size_download' => 518.0,
    'speed_download' => 72.0,
    'speed_upload' => 76.0,
    'download_content_length' => 518.0,
    'upload_content_length' => 550.0,
    'starttransfer_time' => 0.024213999999999999,
    'redirect_time' => 0.0,
    'redirect_url' => '',
    'primary_ip' => '104.18.58.130',
    'certinfo' => 
    array (
    ),
    'primary_port' => 443,
    'local_ip' => '138.68.26.157',
    'local_port' => 35730,
  ),
  'http_code' => 201,
)array (
  'result' => '{"date_sent":"2018-05-15T07:32:32.000Z","message_id":"166324ad-6520-4747-a15c-b39a8ace384a","from_number":"17023318355","to_number":"17022506537","sms_thread_id":2534,"delivered":false,"delivery_info":null,"content":"Attn Drivers &amp; Promoters: $$$ Our girls are available 24/7 and waiting to entertain your clients with IN ROOM MASSAGE, ESCORTS &amp; STRIPPERS. We Pay YOU the highest referral fees $$$ in Las Vegas call our girls are waiting for you NOW !!! 24 hours. 702-331-8355 Eden 3355 S. highland suite 112"}',
  'info' => 
  array (
    'url' => 'https://api.apeiron.io/v2/sms/17023318355',
    'content_type' => 'application/json',
    'http_code' => 201,
    'header_size' => 662,
    'request_size' => 323,
    'filetime' => -1,
    'ssl_verify_result' => 0,
    'redirect_count' => 0,
    'total_time' => 7.1797680000000001,
    'namelookup_time' => 2.3E-5,
    'connect_time' => 0.0019710000000000001,
    'pretransfer_time' => 0.018667,
    'size_upload' => 550.0,
    'size_download' => 518.0,
    'speed_download' => 72.0,
    'speed_upload' => 76.0,
    'download_content_length' => 518.0,
    'upload_content_length' => 550.0,
    'starttransfer_time' => 0.020900999999999999,
    'redirect_time' => 0.0,
    'redirect_url' => '',
    'primary_ip' => '104.18.58.130',
    'certinfo' => 
    array (
    ),
    'primary_port' => 443,
    'local_ip' => '138.68.26.157',
    'local_port' => 35746,
  ),
  'http_code' => 201,
)array (
  'result' => '{"date_sent":"2018-05-15T07:32:39.000Z","message_id":"c219aa52-4f58-4f61-9fc7-bb938d8febff","from_number":"17023318355","to_number":"17023281614","sms_thread_id":2562,"delivered":false,"delivery_info":null,"content":"Attn Drivers &amp; Promoters: $$$ Our girls are available 24/7 and waiting to entertain your clients with IN ROOM MASSAGE, ESCORTS &amp; STRIPPERS. We Pay YOU the highest referral fees $$$ in Las Vegas call our girls are waiting for you NOW !!! 24 hours. 702-331-8355 Eden 3355 S. highland suite 112"}',
  'info' => 
  array (
    'url' => 'https://api.apeiron.io/v2/sms/17023318355',
    'content_type' => 'application/json',
    'http_code' => 201,
    'header_size' => 662,
    'request_size' => 323,
    'filetime' => -1,
    'ssl_verify_result' => 0,
    'redirect_count' => 0,
    'total_time' => 7.208647,
    'namelookup_time' => 2.3E-5,
    'connect_time' => 0.001111,
    'pretransfer_time' => 0.041806999999999997,
    'size_upload' => 550.0,
    'size_download' => 518.0,
    'speed_download' => 71.0,
    'speed_upload' => 76.0,
    'download_content_length' => 518.0,
    'upload_content_length' => 550.0,
    'starttransfer_time' => 0.045587000000000003,
    'redirect_time' => 0.0,
    'redirect_url' => '',
    'primary_ip' => '104.18.58.130',
    'certinfo' => 
    array (
    ),
    'primary_port' => 443,
    'local_ip' => '138.68.26.157',
    'local_port' => 35766,
  ),
  'http_code' => 201,
)array (
  'result' => '{"date_sent":"2018-05-15T07:32:46.000Z","message_id":"465cd537-18b6-4cf3-b407-6463d928c547","from_number":"17023318355","to_number":"17023283941","sms_thread_id":2565,"delivered":false,"delivery_info":null,"content":"Attn Drivers &amp; Promoters: $$$ Our girls are available 24/7 and waiting to entertain your clients with IN ROOM MASSAGE, ESCORTS &amp; STRIPPERS. We Pay YOU the highest referral fees $$$ in Las Vegas call our girls are waiting for you NOW !!! 24 hours. 702-331-8355 Eden 3355 S. highland suite 112"}',
  'info' => 
  array (
    'url' => 'https://api.apeiron.io/v2/sms/17023318355',
    'content_type' => 'application/json',
    'http_code' => 201,
    'header_size' => 662,
    'request_size' => 323,
    'filetime' => -1,
    'ssl_verify_result' => 0,
    'redirect_count' => 0,
    'total_time' => 7.315563,
    'namelookup_time' => 2.1999999999999999E-5,
    'connect_time' => 0.002068,
    'pretransfer_time' => 0.024095999999999999,
    'size_upload' => 550.0,
    'size_download' => 518.0,
    'speed_download' => 70.0,
    'speed_upload' => 75.0,
    'download_content_length' => 518.0,
    'upload_content_length' => 550.0,
    'starttransfer_time' => 0.026421,
    'redirect_time' => 0.0,
    'redirect_url' => '',
    'primary_ip' => '104.18.58.130',
    'certinfo' => 
    array (
    ),
    'primary_port' => 443,
    'local_ip' => '138.68.26.157',
    'local_port' => 35782,
  ),
  'http_code' => 201,
)array (
  'result' => '{"date_sent":"2018-05-15T07:32:53.000Z","message_id":"66787383-1b0c-43cb-9b3a-36aaac76fc40","from_number":"17023318355","to_number":"17023287963","sms_thread_id":2568,"delivered":false,"delivery_info":null,"content":"Attn Drivers &amp; Promoters: $$$ Our girls are available 24/7 and waiting to entertain your clients with IN ROOM MASSAGE, ESCORTS &amp; STRIPPERS. We Pay YOU the highest referral fees $$$ in Las Vegas call our girls are waiting for you NOW !!! 24 hours. 702-331-8355 Eden 3355 S. highland suite 112"}',
  'info' => 
  array (
    'url' => 'https://api.apeiron.io/v2/sms/17023318355',
    'content_type' => 'application/json',
    'http_code' => 201,
    'header_size' => 662,
    'request_size' => 323,
    'filetime' => -1,
    'ssl_verify_result' => 0,
    'redirect_count' => 0,
    'total_time' => 7.204218,
    'namelookup_time' => 2.0999999999999999E-5,
    'connect_time' => 0.0022030000000000001,
    'pretransfer_time' => 0.018688000000000038,
    'size_upload' => 550.0,
    'size_download' => 518.0,
    'speed_download' => 71.0,
    'speed_upload' => 76.0,
    'download_content_length' => 518.0,
    'upload_content_length' => 550.0,
    'starttransfer_time' => 0.020994999999999986,
    'redirect_time' => 0.0,
    'redirect_url' => '',
    'primary_ip' => '104.18.58.130',
    'certinfo' => 
    array (
    ),
    'primary_port' => 443,
    'local_ip' => '138.68.26.157',
    'local_port' => 35802,
  ),
  'http_code' => 201,
)array (
  'result' => '{"date_sent":"2018-05-15T07:33:00.000Z","message_id":"d8b4d0a5-40d6-4093-b4e9-e9621295feef","from_number":"17023318355","to_number":"17023289219","sms_thread_id":3759,"delivered":false,"delivery_info":null,"content":"Attn Drivers &amp; Promoters: $$$ Our girls are available 24/7 and waiting to entertain your clients with IN ROOM MASSAGE, ESCORTS &amp; STRIPPERS. We Pay YOU the highest referral fees $$$ in Las Vegas call our girls are waiting for you NOW !!! 24 hours. 702-331-8355 Eden 3355 S. highland suite 112"}',
  'info' => 
  array (
    'url' => 'https://api.apeiron.io/v2/sms/17023318355',
    'content_type' => 'application/json',
    'http_code' => 201,
    'header_size' => 662,
    'request_size' => 323,
    'filetime' => -1,
    'ssl_verify_result' => 0,
    'redirect_count' => 0,
    'total_time' => 7.1697769999999998,
    'namelookup_time' => 2.1999999999999999E-5,
    'connect_time' => 0.0020739999999999999,
    'pretransfer_time' => 0.018613000000000001,
    'size_upload' => 550.0,
    'size_download' => 518.0,
    'speed_download' => 72.0,
    'speed_upload' => 76.0,
    'download_content_length' => 518.0,
    'upload_content_length' => 550.0,
    'starttransfer_time' => 0.020905,
    'redirect_time' => 0.0,
    'redirect_url' => '',
    'primary_ip' => '104.18.58.130',
    'certinfo' => 
    array (
    ),
    'primary_port' => 443,
    'local_ip' => '138.68.26.157',
    'local_port' => 35822,
  ),
  'http_code' => 201,
)array (
  'result' => '{"detail":"Message could not be sent"}',
  'info' => 
  array (
    'url' => 'https://api.apeiron.io/v2/sms/17023318355',
    'content_type' => 'application/json',
    'http_code' => 500,
    'header_size' => 675,
    'request_size' => 323,
    'filetime' => -1,
    'ssl_verify_result' => 0,
    'redirect_count' => 0,
    'total_time' => 8.7140900000000006,
    'namelookup_time' => 2.0999999999999999E-5,
    'connect_time' => 0.001047,
    'pretransfer_time' => 0.014607999999999999,
    'size_upload' => 550.0,
    'size_download' => 38.0,
    'speed_download' => 4.0,
    'speed_upload' => 63.0,
    'download_content_length' => 38.0,
    'upload_content_length' => 550.0,
    'starttransfer_time' => 0.015854,
    'redirect_time' => 0.0,
    'redirect_url' => '',
    'primary_ip' => '104.18.58.130',
    'certinfo' => 
    array (
    ),
    'primary_port' => 443,
    'local_ip' => '138.68.26.157',
    'local_port' => 35842,
  ),
  'http_code' => 500,
)array (
  'result' => '{"detail":"Message could not be sent"}',
  'info' => 
  array (
    'url' => 'https://api.apeiron.io/v2/sms/17023318355',
    'content_type' => 'application/json',
    'http_code' => 500,
    'header_size' => 675,
    'request_size' => 323,
    'filetime' => -1,
    'ssl_verify_result' => 0,
    'redirect_count' => 0,
    'total_time' => 2.6470789999999997,
    'namelookup_time' => 2.9E-5,
    'connect_time' => 0.0010970000000000001,
    'pretransfer_time' => 0.015925999999999999,
    'size_upload' => 550.0,
    'size_download' => 38.0,
    'speed_download' => 14.0,
    'speed_upload' => 207.0,
    'download_content_length' => 38.0,
    'upload_content_length' => 550.0,
    'starttransfer_time' => 0.017253000000000001,
    'redirect_time' => 0.0,
    'redirect_url' => '',
    'primary_ip' => '104.18.58.130',
    'certinfo' => 
    array (
    ),
    'primary_port' => 443,
    'local_ip' => '138.68.26.157',
    'local_port' => 35876,
  ),
  'http_code' => 500,
)array (
  'result' => '{"detail":"Message could not be sent"}',
  'info' => 
  array (
    'url' => 'https://api.apeiron.io/v2/sms/17023318355',
    'content_type' => 'application/json',
    'http_code' => 500,
    'header_size' => 675,
    'request_size' => 323,
    'filetime' => -1,
    'ssl_verify_result' => 0,
    'redirect_count' => 0,
    'total_time' => 2.6501459999999999,
    'namelookup_time' => 2.4000000000000001E-5,
    'connect_time' => 0.002068,
    'pretransfer_time' => 0.017902999999999999,
    'size_upload' => 550.0,
    'size_download' => 38.0,
    'speed_download' => 14.0,
    'speed_upload' => 207.0,
    'download_content_length' => 38.0,
    'upload_content_length' => 550.0,
    'starttransfer_time' => 0.020181000000000001,
    'redirect_time' => 0.0,
    'redirect_url' => '',
    'primary_ip' => '104.18.58.130',
    'certinfo' => 
    array (
    ),
    'primary_port' => 443,
    'local_ip' => '138.68.26.157',
    'local_port' => 35882,
  ),
  'http_code' => 500,
)array (
  'result' => '{"detail":"Message could not be sent"}',
  'info' => 
  array (
    'url' => 'https://api.apeiron.io/v2/sms/17023318355',
    'content_type' => 'application/json',
    'http_code' => 500,
    'header_size' => 675,
    'request_size' => 323,
    'filetime' => -1,
    'ssl_verify_result' => 0,
    'redirect_count' => 0,
    'total_time' => 2.6456210000000002,
    'namelookup_time' => 2.5000000000000001E-5,
    'connect_time' => 0.0010139999999999999,
    'pretransfer_time' => 0.014043999999999999,
    'size_upload' => 550.0,
    'size_download' => 38.0,
    'speed_download' => 14.0,
    'speed_upload' => 207.0,
    'download_content_length' => 38.0,
    'upload_content_length' => 550.0,
    'starttransfer_time' => 0.015402000000000001,
    'redirect_time' => 0.0,
    'redirect_url' => '',
    'primary_ip' => '104.18.58.130',
    'certinfo' => 
    array (
    ),
    'primary_port' => 443,
    'local_ip' => '138.68.26.157',
    'local_port' => 35888,
  ),
  'http_code' => 500,
)array (
  'result' => '{"detail":"Message could not be sent"}',
  'info' => 
  array (
    'url' => 'https://api.apeiron.io/v2/sms/17023318355',
    'content_type' => 'application/json',
    'http_code' => 500,
    'header_size' => 675,
    'request_size' => 323,
    'filetime' => -1,
    'ssl_verify_result' => 0,
    'redirect_count' => 0,
    'total_time' => 2.659395,
    'namelookup_time' => 2.0999999999999999E-5,
    'connect_time' => 0.001127,
    'pretransfer_time' => 0.016174000000000001,
    'size_upload' => 550.0,
    'size_download' => 38.0,
    'speed_download' => 14.0,
    'speed_upload' => 206.0,
    'download_content_length' => 38.0,
    'upload_content_length' => 550.0,
    'starttransfer_time' => 0.017596000000000001,
    'redirect_time' => 0.0,
    'redirect_url' => '',
    'primary_ip' => '104.18.58.130',
    'certinfo' => 
    array (
    ),
    'primary_port' => 443,
    'local_ip' => '138.68.26.157',
    'local_port' => 35896,
  ),
  'http_code' => 500,
)array (
  'result' => '{"detail":"Message could not be sent"}',
  'info' => 
  array (
    'url' => 'https://api.apeiron.io/v2/sms/17023318355',
    'content_type' => 'application/json',
    'http_code' => 500,
    'header_size' => 675,
    'request_size' => 323,
    'filetime' => -1,
    'ssl_verify_result' => 0,
    'redirect_count' => 0,
    'total_time' => 2.6537009999999999,
    'namelookup_time' => 2.0999999999999999E-5,
    'connect_time' => 0.0019919999999999998,
    'pretransfer_time' => 0.020122999999999999,
    'size_upload' => 550.0,
    'size_download' => 38.0,
    'speed_download' => 14.0,
    'speed_upload' => 207.0,
    'download_content_length' => 38.0,
    'upload_content_length' => 550.0,
    'starttransfer_time' => 0.022453999999999998,
    'redirect_time' => 0.0,
    'redirect_url' => '',
    'primary_ip' => '104.18.58.130',
    'certinfo' => 
    array (
    ),
    'primary_port' => 443,
    'local_ip' => '138.68.26.157',
    'local_port' => 35904,
  ),
  'http_code' => 500,
)array (
  'result' => '{"detail":"Message could not be sent"}',
  'info' => 
  array (
    'url' => 'https://api.apeiron.io/v2/sms/17023318355',
    'content_type' => 'application/json',
    'http_code' => 500,
    'header_size' => 675,
    'request_size' => 323,
    'filetime' => -1,
    'ssl_verify_result' => 0,
    'redirect_count' => 0,
    'total_time' => 2.6377890000000002,
    'namelookup_time' => 2.0999999999999999E-5,
    'connect_time' => 0.001116,
    'pretransfer_time' => 0.014472,
    'size_upload' => 550.0,
    'size_download' => 38.0,
    'speed_download' => 14.0,
    'speed_upload' => 208.0,
    'download_content_length' => 38.0,
    'upload_content_length' => 550.0,
    'starttransfer_time' => 0.015838999999999999,
    'redirect_time' => 0.0,
    'redirect_url' => '',
    'primary_ip' => '104.18.58.130',
    'certinfo' => 
    array (
    ),
    'primary_port' => 443,
    'local_ip' => '138.68.26.157',
    'local_port' => 35910,
  ),
  'http_code' => 500,
)